2024-05-12 03:21:49 Loading main app package /tmp/.mount_ObsidiLt0Jlv/resources/obsidian.asar
2024-05-12 03:21:49 Checking for update using Github
2024-05-12 03:21:49 Success.
2024-05-12 03:21:49 Latest version is 1.5.12
2024-05-12 03:21:49 App is up to date.
2024-05-12 03:22:53 Loading main app package /tmp/.mount_obsiditwsQkq/resources/obsidian.asar
2024-05-12 03:22:53 Checking for update using Github
2024-05-12 03:22:53 Success.
2024-05-12 03:22:53 Latest version is 1.5.12
2024-05-12 03:22:53 App is up to date.
2024-05-12 03:23:10 Loading main app package /tmp/.mount_obsidibxoH3m/resources/obsidian.asar
2024-05-12 03:23:10 Checking for update using Github
2024-05-12 03:23:10 Success.
2024-05-12 03:23:10 Latest version is 1.5.12
2024-05-12 03:23:10 App is up to date.
2024-05-12 03:47:56 Loading main app package /tmp/.mount_obsidizQMxWY/resources/obsidian.asar
2024-05-12 03:47:56 Checking for update using Github
2024-05-12 03:47:56 Success.
2024-05-12 03:47:56 Latest version is 1.5.12
2024-05-12 03:47:56 App is up to date.
2024-05-12 16:42:28 Loading main app package /tmp/.mount_obsidi2VEmb3/resources/obsidian.asar
2024-05-12 16:42:29 Checking for update using Github
2024-05-12 16:42:29 Success.
2024-05-12 16:42:29 Latest version is 1.5.12
2024-05-12 16:42:29 App is up to date.
2024-05-12 17:42:28 Checking for update using Github
2024-05-12 17:42:28 Success.
2024-05-12 17:42:28 Latest version is 1.5.12
2024-05-12 17:42:28 App is up to date.
2024-05-12 18:42:28 Checking for update using Github
2024-05-12 18:42:28 Success.
2024-05-12 18:42:28 Latest version is 1.5.12
2024-05-12 18:42:28 App is up to date.
2024-05-12 21:50:30 Loading main app package /tmp/.mount_obsidi3fiJ0S/resources/obsidian.asar
2024-05-12 21:50:30 Checking for update using Github
2024-05-12 21:50:30 Success.
2024-05-12 21:50:30 Latest version is 1.5.12
2024-05-12 21:50:30 App is up to date.
2024-05-12 22:18:30 Loading main app package /tmp/.mount_obsidiLtQAxw/resources/obsidian.asar
2024-05-12 22:18:30 Checking for update using Github
2024-05-12 22:18:31 Success.
2024-05-12 22:18:31 Latest version is 1.5.12
2024-05-12 22:18:31 App is up to date.
2024-05-12 23:18:30 Checking for update using Github
2024-05-12 23:18:30 Success.
2024-05-12 23:18:30 Latest version is 1.5.12
2024-05-12 23:18:30 App is up to date.
2024-05-13 10:06:55 Loading main app package /tmp/.mount_obsidiIUGpO2/resources/obsidian.asar
2024-05-13 10:06:56 Checking for update using Github
2024-05-13 10:06:56 Success.
2024-05-13 10:06:56 Latest version is 1.5.12
2024-05-13 10:06:56 App is up to date.
2024-05-13 11:06:56 Checking for update using Github
2024-05-13 11:06:56 Success.
2024-05-13 11:06:56 Latest version is 1.5.12
2024-05-13 11:06:56 App is up to date.
2024-05-13 12:06:56 Checking for update using Github
2024-05-13 12:06:56 Success.
2024-05-13 12:06:56 Latest version is 1.5.12
2024-05-13 12:06:56 App is up to date.
2024-05-14 19:15:10 Loading main app package /tmp/.mount_obsidiFREMXR/resources/obsidian.asar
2024-05-14 19:15:11 Checking for update using Github
2024-05-14 19:15:11 Success.
2024-05-14 19:15:11 Latest version is 1.5.12
2024-05-14 19:15:11 App is up to date.
2024-05-14 20:15:11 Checking for update using Github
2024-05-14 20:15:11 Success.
2024-05-14 20:15:11 Latest version is 1.5.12
2024-05-14 20:15:11 App is up to date.
2024-05-14 21:15:11 Checking for update using Github
2024-05-14 21:15:11 Success.
2024-05-14 21:15:11 Latest version is 1.5.12
2024-05-14 21:15:11 App is up to date.
2024-05-14 22:15:11 Checking for update using Github
2024-05-14 22:15:11 Success.
2024-05-14 22:15:11 Latest version is 1.5.12
2024-05-14 22:15:11 App is up to date.
2024-05-15 11:04:42 Loading main app package /tmp/.mount_obsidid5t9B1/resources/obsidian.asar
2024-05-15 11:04:42 Checking for update using Github
2024-05-15 11:04:42 Success.
2024-05-15 11:04:42 Latest version is 1.5.12
2024-05-15 11:04:42 App is up to date.
2024-05-15 12:04:42 Checking for update using Github
2024-05-15 12:04:42 Success.
2024-05-15 12:04:42 Latest version is 1.5.12
2024-05-15 12:04:42 App is up to date.
2024-05-15 17:31:25 Checking for update using Github
2024-05-15 17:31:25 Success.
2024-05-15 17:31:25 Latest version is 1.5.12
2024-05-15 17:31:25 App is up to date.
2024-05-15 18:31:25 Checking for update using Github
2024-05-15 18:31:25 Success.
2024-05-15 18:31:25 Latest version is 1.5.12
2024-05-15 18:31:25 App is up to date.
2024-05-15 19:31:25 Checking for update using Github
2024-05-15 19:31:25 Success.
2024-05-15 19:31:25 Latest version is 1.5.12
2024-05-15 19:31:25 App is up to date.
2024-05-15 20:31:25 Checking for update using Github
2024-05-15 20:31:25 Success.
2024-05-15 20:31:25 Latest version is 1.5.12
2024-05-15 20:31:25 App is up to date.
2024-05-15 21:31:25 Checking for update using Github
2024-05-15 21:31:25 Success.
2024-05-15 21:31:25 Latest version is 1.5.12
2024-05-15 21:31:25 App is up to date.
2024-05-15 22:31:25 Checking for update using Github
2024-05-15 22:31:25 Success.
2024-05-15 22:31:25 Latest version is 1.5.12
2024-05-15 22:31:25 App is up to date.
2024-05-15 23:31:25 Checking for update using Github
2024-05-15 23:31:25 Success.
2024-05-15 23:31:25 Latest version is 1.5.12
2024-05-15 23:31:25 App is up to date.
2024-05-17 23:47:24 Loading main app package /tmp/.mount_obsidibvBjdA/resources/obsidian.asar
2024-05-17 23:47:25 Checking for update using Github
2024-05-17 23:47:25 Success.
2024-05-17 23:47:25 Latest version is 1.5.12
2024-05-17 23:47:25 App is up to date.
2024-05-27 23:52:01 Loading main app package /tmp/.mount_obsidiKenJGO/resources/obsidian.asar
2024-05-27 23:52:01 Checking for update using Github
2024-05-27 23:52:01 Success.
2024-05-27 23:52:01 Latest version is 1.5.12
2024-05-27 23:52:01 App is up to date.
2024-05-28 07:58:07 Loading main app package /tmp/.mount_obsidilXPNjv/resources/obsidian.asar
2024-05-28 07:58:08 Checking for update using Github
2024-05-28 07:58:08 Success.
2024-05-28 07:58:08 Latest version is 1.5.12
2024-05-28 07:58:08 App is up to date.
2024-05-28 08:58:07 Checking for update using Github
2024-05-28 08:58:07 Success.
2024-05-28 08:58:07 Latest version is 1.5.12
2024-05-28 08:58:07 App is up to date.
